2021-12-10 14:17:44 error: uncaughtException: Invalid value for schema path `image.type`, got value "undefined"
TypeError: Invalid value for schema path `image.type`, got value "undefined"
    at Schema.add (C:\Users\USER\Desktop\Tools\mediaplus\server\node_modules\mongoose\lib\schema.js:484:13)
    at Schema.add (C:\Users\USER\Desktop\Tools\mediaplus\server\node_modules\mongoose\lib\schema.js:518:12)
    at new Schema (C:\Users\USER\Desktop\Tools\mediaplus\server\node_modules\mongoose\lib\schema.js:132:10)
    at Object.<anonymous> (C:\Users\USER\Desktop\Tools\mediaplus\server\src\models\posts.model.ts:5:28)
    at Module._compile (node:internal/modules/cjs/loader:1101:14)
    at Module.m._compile (C:\Users\USER\AppData\Roaming\npm\node_modules\ts-node\src\index.ts:1371:23)
    at Module._extensions..js (node:internal/modules/cjs/loader:1153:10)
    at Object.require.extensions.<computed> [as .ts] (C:\Users\USER\AppData\Roaming\npm\node_modules\ts-node\src\index.ts:1374:12)
    at Module.load (node:internal/modules/cjs/loader:981:32)
    at Function.Module._load (node:internal/modules/cjs/loader:822:12)
    at Module.require (node:internal/modules/cjs/loader:1005:19)
    at require (node:internal/modules/cjs/helpers:102:18)
    at Object.<anonymous> (C:\Users\USER\Desktop\Tools\mediaplus\server\src\services\posts.service.ts:4:1)
    at Module._compile (node:internal/modules/cjs/loader:1101:14)
    at Module.m._compile (C:\Users\USER\AppData\Roaming\npm\node_modules\ts-node\src\index.ts:1371:23)
    at Module._extensions..js (node:internal/modules/cjs/loader:1153:10)
2021-12-10 14:22:16 error: uncaughtException: Invalid value for schema path `image.type`, got value "undefined"
TypeError: Invalid value for schema path `image.type`, got value "undefined"
    at Schema.add (C:\Users\USER\Desktop\Tools\mediaplus\server\node_modules\mongoose\lib\schema.js:484:13)
    at Schema.add (C:\Users\USER\Desktop\Tools\mediaplus\server\node_modules\mongoose\lib\schema.js:518:12)
    at new Schema (C:\Users\USER\Desktop\Tools\mediaplus\server\node_modules\mongoose\lib\schema.js:132:10)
    at Object.<anonymous> (C:\Users\USER\Desktop\Tools\mediaplus\server\src\models\posts.model.ts:5:28)
    at Module._compile (node:internal/modules/cjs/loader:1101:14)
    at Module.m._compile (C:\Users\USER\AppData\Roaming\npm\node_modules\ts-node\src\index.ts:1371:23)
    at Module._extensions..js (node:internal/modules/cjs/loader:1153:10)
    at Object.require.extensions.<computed> [as .ts] (C:\Users\USER\AppData\Roaming\npm\node_modules\ts-node\src\index.ts:1374:12)
    at Module.load (node:internal/modules/cjs/loader:981:32)
    at Function.Module._load (node:internal/modules/cjs/loader:822:12)
    at Module.require (node:internal/modules/cjs/loader:1005:19)
    at require (node:internal/modules/cjs/helpers:102:18)
    at Object.<anonymous> (C:\Users\USER\Desktop\Tools\mediaplus\server\src\services\posts.service.ts:4:1)
    at Module._compile (node:internal/modules/cjs/loader:1101:14)
    at Module.m._compile (C:\Users\USER\AppData\Roaming\npm\node_modules\ts-node\src\index.ts:1371:23)
    at Module._extensions..js (node:internal/modules/cjs/loader:1153:10)
2021-12-10 14:23:16 error: uncaughtException: Invalid value for schema path `image.type`, got value "undefined"
TypeError: Invalid value for schema path `image.type`, got value "undefined"
    at Schema.add (C:\Users\USER\Desktop\Tools\mediaplus\server\node_modules\mongoose\lib\schema.js:484:13)
    at Schema.add (C:\Users\USER\Desktop\Tools\mediaplus\server\node_modules\mongoose\lib\schema.js:518:12)
    at new Schema (C:\Users\USER\Desktop\Tools\mediaplus\server\node_modules\mongoose\lib\schema.js:132:10)
    at Object.<anonymous> (C:\Users\USER\Desktop\Tools\mediaplus\server\src\models\posts.model.ts:5:28)
    at Module._compile (node:internal/modules/cjs/loader:1101:14)
    at Module.m._compile (C:\Users\USER\AppData\Roaming\npm\node_modules\ts-node\src\index.ts:1371:23)
    at Module._extensions..js (node:internal/modules/cjs/loader:1153:10)
    at Object.require.extensions.<computed> [as .ts] (C:\Users\USER\AppData\Roaming\npm\node_modules\ts-node\src\index.ts:1374:12)
    at Module.load (node:internal/modules/cjs/loader:981:32)
    at Function.Module._load (node:internal/modules/cjs/loader:822:12)
    at Module.require (node:internal/modules/cjs/loader:1005:19)
    at require (node:internal/modules/cjs/helpers:102:18)
    at Object.<anonymous> (C:\Users\USER\Desktop\Tools\mediaplus\server\src\services\posts.service.ts:4:1)
    at Module._compile (node:internal/modules/cjs/loader:1101:14)
    at Module.m._compile (C:\Users\USER\AppData\Roaming\npm\node_modules\ts-node\src\index.ts:1371:23)
    at Module._extensions..js (node:internal/modules/cjs/loader:1153:10)
2021-12-10 14:23:34 error: uncaughtException: Invalid value for schema path `image.type`, got value "undefined"
TypeError: Invalid value for schema path `image.type`, got value "undefined"
    at Schema.add (C:\Users\USER\Desktop\Tools\mediaplus\server\node_modules\mongoose\lib\schema.js:484:13)
    at Schema.add (C:\Users\USER\Desktop\Tools\mediaplus\server\node_modules\mongoose\lib\schema.js:518:12)
    at new Schema (C:\Users\USER\Desktop\Tools\mediaplus\server\node_modules\mongoose\lib\schema.js:132:10)
    at Object.<anonymous> (C:\Users\USER\Desktop\Tools\mediaplus\server\src\models\posts.model.ts:5:28)
    at Module._compile (node:internal/modules/cjs/loader:1101:14)
    at Module.m._compile (C:\Users\USER\AppData\Roaming\npm\node_modules\ts-node\src\index.ts:1371:23)
    at Module._extensions..js (node:internal/modules/cjs/loader:1153:10)
    at Object.require.extensions.<computed> [as .ts] (C:\Users\USER\AppData\Roaming\npm\node_modules\ts-node\src\index.ts:1374:12)
    at Module.load (node:internal/modules/cjs/loader:981:32)
    at Function.Module._load (node:internal/modules/cjs/loader:822:12)
    at Module.require (node:internal/modules/cjs/loader:1005:19)
    at require (node:internal/modules/cjs/helpers:102:18)
    at Object.<anonymous> (C:\Users\USER\Desktop\Tools\mediaplus\server\src\services\posts.service.ts:4:1)
    at Module._compile (node:internal/modules/cjs/loader:1101:14)
    at Module.m._compile (C:\Users\USER\AppData\Roaming\npm\node_modules\ts-node\src\index.ts:1371:23)
    at Module._extensions..js (node:internal/modules/cjs/loader:1153:10)
2021-12-10 14:23:44 error: uncaughtException: Invalid value for schema path `image.type`, got value "undefined"
TypeError: Invalid value for schema path `image.type`, got value "undefined"
    at Schema.add (C:\Users\USER\Desktop\Tools\mediaplus\server\node_modules\mongoose\lib\schema.js:484:13)
    at Schema.add (C:\Users\USER\Desktop\Tools\mediaplus\server\node_modules\mongoose\lib\schema.js:518:12)
    at new Schema (C:\Users\USER\Desktop\Tools\mediaplus\server\node_modules\mongoose\lib\schema.js:132:10)
    at Object.<anonymous> (C:\Users\USER\Desktop\Tools\mediaplus\server\src\models\posts.model.ts:5:28)
    at Module._compile (node:internal/modules/cjs/loader:1101:14)
    at Module.m._compile (C:\Users\USER\AppData\Roaming\npm\node_modules\ts-node\src\index.ts:1371:23)
    at Module._extensions..js (node:internal/modules/cjs/loader:1153:10)
    at Object.require.extensions.<computed> [as .ts] (C:\Users\USER\AppData\Roaming\npm\node_modules\ts-node\src\index.ts:1374:12)
    at Module.load (node:internal/modules/cjs/loader:981:32)
    at Function.Module._load (node:internal/modules/cjs/loader:822:12)
    at Module.require (node:internal/modules/cjs/loader:1005:19)
    at require (node:internal/modules/cjs/helpers:102:18)
    at Object.<anonymous> (C:\Users\USER\Desktop\Tools\mediaplus\server\src\services\posts.service.ts:4:1)
    at Module._compile (node:internal/modules/cjs/loader:1101:14)
    at Module.m._compile (C:\Users\USER\AppData\Roaming\npm\node_modules\ts-node\src\index.ts:1371:23)
    at Module._extensions..js (node:internal/modules/cjs/loader:1153:10)
2021-12-10 14:26:59 error: uncaughtException: Invalid value for schema path `image.type`, got value "undefined"
TypeError: Invalid value for schema path `image.type`, got value "undefined"
    at Schema.add (C:\Users\USER\Desktop\Tools\mediaplus\server\node_modules\mongoose\lib\schema.js:484:13)
    at Schema.add (C:\Users\USER\Desktop\Tools\mediaplus\server\node_modules\mongoose\lib\schema.js:518:12)
    at new Schema (C:\Users\USER\Desktop\Tools\mediaplus\server\node_modules\mongoose\lib\schema.js:132:10)
    at Object.<anonymous> (C:\Users\USER\Desktop\Tools\mediaplus\server\src\models\posts.model.ts:5:28)
    at Module._compile (node:internal/modules/cjs/loader:1101:14)
    at Module.m._compile (C:\Users\USER\AppData\Roaming\npm\node_modules\ts-node\src\index.ts:1371:23)
    at Module._extensions..js (node:internal/modules/cjs/loader:1153:10)
    at Object.require.extensions.<computed> [as .ts] (C:\Users\USER\AppData\Roaming\npm\node_modules\ts-node\src\index.ts:1374:12)
    at Module.load (node:internal/modules/cjs/loader:981:32)
    at Function.Module._load (node:internal/modules/cjs/loader:822:12)
    at Module.require (node:internal/modules/cjs/loader:1005:19)
    at require (node:internal/modules/cjs/helpers:102:18)
    at Object.<anonymous> (C:\Users\USER\Desktop\Tools\mediaplus\server\src\services\posts.service.ts:4:1)
    at Module._compile (node:internal/modules/cjs/loader:1101:14)
    at Module.m._compile (C:\Users\USER\AppData\Roaming\npm\node_modules\ts-node\src\index.ts:1371:23)
    at Module._extensions..js (node:internal/modules/cjs/loader:1153:10)
2021-12-10 14:27:11 error: uncaughtException: Invalid value for schema path `image.type`, got value "undefined"
TypeError: Invalid value for schema path `image.type`, got value "undefined"
    at Schema.add (C:\Users\USER\Desktop\Tools\mediaplus\server\node_modules\mongoose\lib\schema.js:484:13)
    at Schema.add (C:\Users\USER\Desktop\Tools\mediaplus\server\node_modules\mongoose\lib\schema.js:518:12)
    at new Schema (C:\Users\USER\Desktop\Tools\mediaplus\server\node_modules\mongoose\lib\schema.js:132:10)
    at Object.<anonymous> (C:\Users\USER\Desktop\Tools\mediaplus\server\src\models\posts.model.ts:5:28)
    at Module._compile (node:internal/modules/cjs/loader:1101:14)
    at Module.m._compile (C:\Users\USER\AppData\Roaming\npm\node_modules\ts-node\src\index.ts:1371:23)
    at Module._extensions..js (node:internal/modules/cjs/loader:1153:10)
    at Object.require.extensions.<computed> [as .ts] (C:\Users\USER\AppData\Roaming\npm\node_modules\ts-node\src\index.ts:1374:12)
    at Module.load (node:internal/modules/cjs/loader:981:32)
    at Function.Module._load (node:internal/modules/cjs/loader:822:12)
    at Module.require (node:internal/modules/cjs/loader:1005:19)
    at require (node:internal/modules/cjs/helpers:102:18)
    at Object.<anonymous> (C:\Users\USER\Desktop\Tools\mediaplus\server\src\services\posts.service.ts:4:1)
    at Module._compile (node:internal/modules/cjs/loader:1101:14)
    at Module.m._compile (C:\Users\USER\AppData\Roaming\npm\node_modules\ts-node\src\index.ts:1371:23)
    at Module._extensions..js (node:internal/modules/cjs/loader:1153:10)
2021-12-10 14:28:27 error: uncaughtException: Invalid value for schema path `image.type`, got value "undefined"
TypeError: Invalid value for schema path `image.type`, got value "undefined"
    at Schema.add (C:\Users\USER\Desktop\Tools\mediaplus\server\node_modules\mongoose\lib\schema.js:484:13)
    at Schema.add (C:\Users\USER\Desktop\Tools\mediaplus\server\node_modules\mongoose\lib\schema.js:518:12)
    at new Schema (C:\Users\USER\Desktop\Tools\mediaplus\server\node_modules\mongoose\lib\schema.js:132:10)
    at Object.<anonymous> (C:\Users\USER\Desktop\Tools\mediaplus\server\src\models\posts.model.ts:5:28)
    at Module._compile (node:internal/modules/cjs/loader:1101:14)
    at Module.m._compile (C:\Users\USER\AppData\Roaming\npm\node_modules\ts-node\src\index.ts:1371:23)
    at Module._extensions..js (node:internal/modules/cjs/loader:1153:10)
    at Object.require.extensions.<computed> [as .ts] (C:\Users\USER\AppData\Roaming\npm\node_modules\ts-node\src\index.ts:1374:12)
    at Module.load (node:internal/modules/cjs/loader:981:32)
    at Function.Module._load (node:internal/modules/cjs/loader:822:12)
    at Module.require (node:internal/modules/cjs/loader:1005:19)
    at require (node:internal/modules/cjs/helpers:102:18)
    at Object.<anonymous> (C:\Users\USER\Desktop\Tools\mediaplus\server\src\services\posts.service.ts:4:1)
    at Module._compile (node:internal/modules/cjs/loader:1101:14)
    at Module.m._compile (C:\Users\USER\AppData\Roaming\npm\node_modules\ts-node\src\index.ts:1371:23)
    at Module._extensions..js (node:internal/modules/cjs/loader:1153:10)
2021-12-10 14:29:52 error: uncaughtException: Invalid value for schema path `image.type`, got value "undefined"
TypeError: Invalid value for schema path `image.type`, got value "undefined"
    at Schema.add (C:\Users\USER\Desktop\Tools\mediaplus\server\node_modules\mongoose\lib\schema.js:484:13)
    at Schema.add (C:\Users\USER\Desktop\Tools\mediaplus\server\node_modules\mongoose\lib\schema.js:518:12)
    at new Schema (C:\Users\USER\Desktop\Tools\mediaplus\server\node_modules\mongoose\lib\schema.js:132:10)
    at Object.<anonymous> (C:\Users\USER\Desktop\Tools\mediaplus\server\src\models\posts.model.ts:5:28)
    at Module._compile (node:internal/modules/cjs/loader:1101:14)
    at Module.m._compile (C:\Users\USER\AppData\Roaming\npm\node_modules\ts-node\src\index.ts:1371:23)
    at Module._extensions..js (node:internal/modules/cjs/loader:1153:10)
    at Object.require.extensions.<computed> [as .ts] (C:\Users\USER\AppData\Roaming\npm\node_modules\ts-node\src\index.ts:1374:12)
    at Module.load (node:internal/modules/cjs/loader:981:32)
    at Function.Module._load (node:internal/modules/cjs/loader:822:12)
    at Module.require (node:internal/modules/cjs/loader:1005:19)
    at require (node:internal/modules/cjs/helpers:102:18)
    at Object.<anonymous> (C:\Users\USER\Desktop\Tools\mediaplus\server\src\services\posts.service.ts:4:1)
    at Module._compile (node:internal/modules/cjs/loader:1101:14)
    at Module.m._compile (C:\Users\USER\AppData\Roaming\npm\node_modules\ts-node\src\index.ts:1371:23)
    at Module._extensions..js (node:internal/modules/cjs/loader:1153:10)
2021-12-10 14:31:39 error: uncaughtException: Invalid value for schema path `image.type`, got value "undefined"
TypeError: Invalid value for schema path `image.type`, got value "undefined"
    at Schema.add (C:\Users\USER\Desktop\Tools\mediaplus\server\node_modules\mongoose\lib\schema.js:484:13)
    at Schema.add (C:\Users\USER\Desktop\Tools\mediaplus\server\node_modules\mongoose\lib\schema.js:518:12)
    at new Schema (C:\Users\USER\Desktop\Tools\mediaplus\server\node_modules\mongoose\lib\schema.js:132:10)
    at Object.<anonymous> (C:\Users\USER\Desktop\Tools\mediaplus\server\src\models\posts.model.ts:5:28)
    at Module._compile (node:internal/modules/cjs/loader:1101:14)
    at Module.m._compile (C:\Users\USER\AppData\Roaming\npm\node_modules\ts-node\src\index.ts:1371:23)
    at Module._extensions..js (node:internal/modules/cjs/loader:1153:10)
    at Object.require.extensions.<computed> [as .ts] (C:\Users\USER\AppData\Roaming\npm\node_modules\ts-node\src\index.ts:1374:12)
    at Module.load (node:internal/modules/cjs/loader:981:32)
    at Function.Module._load (node:internal/modules/cjs/loader:822:12)
    at Module.require (node:internal/modules/cjs/loader:1005:19)
    at require (node:internal/modules/cjs/helpers:102:18)
    at Object.<anonymous> (C:\Users\USER\Desktop\Tools\mediaplus\server\src\services\posts.service.ts:4:1)
    at Module._compile (node:internal/modules/cjs/loader:1101:14)
    at Module.m._compile (C:\Users\USER\AppData\Roaming\npm\node_modules\ts-node\src\index.ts:1371:23)
    at Module._extensions..js (node:internal/modules/cjs/loader:1153:10)
2021-12-10 14:31:53 error: uncaughtException: Invalid value for schema path `image.type`, got value "undefined"
TypeError: Invalid value for schema path `image.type`, got value "undefined"
    at Schema.add (C:\Users\USER\Desktop\Tools\mediaplus\server\node_modules\mongoose\lib\schema.js:484:13)
    at Schema.add (C:\Users\USER\Desktop\Tools\mediaplus\server\node_modules\mongoose\lib\schema.js:518:12)
    at new Schema (C:\Users\USER\Desktop\Tools\mediaplus\server\node_modules\mongoose\lib\schema.js:132:10)
    at Object.<anonymous> (C:\Users\USER\Desktop\Tools\mediaplus\server\src\models\posts.model.ts:5:28)
    at Module._compile (node:internal/modules/cjs/loader:1101:14)
    at Module.m._compile (C:\Users\USER\AppData\Roaming\npm\node_modules\ts-node\src\index.ts:1371:23)
    at Module._extensions..js (node:internal/modules/cjs/loader:1153:10)
    at Object.require.extensions.<computed> [as .ts] (C:\Users\USER\AppData\Roaming\npm\node_modules\ts-node\src\index.ts:1374:12)
    at Module.load (node:internal/modules/cjs/loader:981:32)
    at Function.Module._load (node:internal/modules/cjs/loader:822:12)
    at Module.require (node:internal/modules/cjs/loader:1005:19)
    at require (node:internal/modules/cjs/helpers:102:18)
    at Object.<anonymous> (C:\Users\USER\Desktop\Tools\mediaplus\server\src\services\posts.service.ts:4:1)
    at Module._compile (node:internal/modules/cjs/loader:1101:14)
    at Module.m._compile (C:\Users\USER\AppData\Roaming\npm\node_modules\ts-node\src\index.ts:1371:23)
    at Module._extensions..js (node:internal/modules/cjs/loader:1153:10)
2021-12-10 14:32:39 error: uncaughtException: Invalid value for schema path `image.type`, got value "undefined"
TypeError: Invalid value for schema path `image.type`, got value "undefined"
    at Schema.add (C:\Users\USER\Desktop\Tools\mediaplus\server\node_modules\mongoose\lib\schema.js:484:13)
    at Schema.add (C:\Users\USER\Desktop\Tools\mediaplus\server\node_modules\mongoose\lib\schema.js:518:12)
    at new Schema (C:\Users\USER\Desktop\Tools\mediaplus\server\node_modules\mongoose\lib\schema.js:132:10)
    at Object.<anonymous> (C:\Users\USER\Desktop\Tools\mediaplus\server\src\models\posts.model.ts:5:28)
    at Module._compile (node:internal/modules/cjs/loader:1101:14)
    at Module.m._compile (C:\Users\USER\AppData\Roaming\npm\node_modules\ts-node\src\index.ts:1371:23)
    at Module._extensions..js (node:internal/modules/cjs/loader:1153:10)
    at Object.require.extensions.<computed> [as .ts] (C:\Users\USER\AppData\Roaming\npm\node_modules\ts-node\src\index.ts:1374:12)
    at Module.load (node:internal/modules/cjs/loader:981:32)
    at Function.Module._load (node:internal/modules/cjs/loader:822:12)
    at Module.require (node:internal/modules/cjs/loader:1005:19)
    at require (node:internal/modules/cjs/helpers:102:18)
    at Object.<anonymous> (C:\Users\USER\Desktop\Tools\mediaplus\server\src\services\posts.service.ts:4:1)
    at Module._compile (node:internal/modules/cjs/loader:1101:14)
    at Module.m._compile (C:\Users\USER\AppData\Roaming\npm\node_modules\ts-node\src\index.ts:1371:23)
    at Module._extensions..js (node:internal/modules/cjs/loader:1153:10)
2021-12-10 14:35:55 error: uncaughtException: Invalid value for schema path `image.type`, got value "undefined"
TypeError: Invalid value for schema path `image.type`, got value "undefined"
    at Schema.add (C:\Users\USER\Desktop\Tools\mediaplus\server\node_modules\mongoose\lib\schema.js:484:13)
    at Schema.add (C:\Users\USER\Desktop\Tools\mediaplus\server\node_modules\mongoose\lib\schema.js:518:12)
    at new Schema (C:\Users\USER\Desktop\Tools\mediaplus\server\node_modules\mongoose\lib\schema.js:132:10)
    at Object.<anonymous> (C:\Users\USER\Desktop\Tools\mediaplus\server\src\models\posts.model.ts:5:28)
    at Module._compile (node:internal/modules/cjs/loader:1101:14)
    at Module.m._compile (C:\Users\USER\AppData\Roaming\npm\node_modules\ts-node\src\index.ts:1371:23)
    at Module._extensions..js (node:internal/modules/cjs/loader:1153:10)
    at Object.require.extensions.<computed> [as .ts] (C:\Users\USER\AppData\Roaming\npm\node_modules\ts-node\src\index.ts:1374:12)
    at Module.load (node:internal/modules/cjs/loader:981:32)
    at Function.Module._load (node:internal/modules/cjs/loader:822:12)
    at Module.require (node:internal/modules/cjs/loader:1005:19)
    at require (node:internal/modules/cjs/helpers:102:18)
    at Object.<anonymous> (C:\Users\USER\Desktop\Tools\mediaplus\server\src\services\posts.service.ts:4:1)
    at Module._compile (node:internal/modules/cjs/loader:1101:14)
    at Module.m._compile (C:\Users\USER\AppData\Roaming\npm\node_modules\ts-node\src\index.ts:1371:23)
    at Module._extensions..js (node:internal/modules/cjs/loader:1153:10)
2021-12-10 14:36:05 error: uncaughtException: Invalid value for schema path `image.type`, got value "undefined"
TypeError: Invalid value for schema path `image.type`, got value "undefined"
    at Schema.add (C:\Users\USER\Desktop\Tools\mediaplus\server\node_modules\mongoose\lib\schema.js:484:13)
    at Schema.add (C:\Users\USER\Desktop\Tools\mediaplus\server\node_modules\mongoose\lib\schema.js:518:12)
    at new Schema (C:\Users\USER\Desktop\Tools\mediaplus\server\node_modules\mongoose\lib\schema.js:132:10)
    at Object.<anonymous> (C:\Users\USER\Desktop\Tools\mediaplus\server\src\models\posts.model.ts:5:28)
    at Module._compile (node:internal/modules/cjs/loader:1101:14)
    at Module.m._compile (C:\Users\USER\AppData\Roaming\npm\node_modules\ts-node\src\index.ts:1371:23)
    at Module._extensions..js (node:internal/modules/cjs/loader:1153:10)
    at Object.require.extensions.<computed> [as .ts] (C:\Users\USER\AppData\Roaming\npm\node_modules\ts-node\src\index.ts:1374:12)
    at Module.load (node:internal/modules/cjs/loader:981:32)
    at Function.Module._load (node:internal/modules/cjs/loader:822:12)
    at Module.require (node:internal/modules/cjs/loader:1005:19)
    at require (node:internal/modules/cjs/helpers:102:18)
    at Object.<anonymous> (C:\Users\USER\Desktop\Tools\mediaplus\server\src\services\posts.service.ts:4:1)
    at Module._compile (node:internal/modules/cjs/loader:1101:14)
    at Module.m._compile (C:\Users\USER\AppData\Roaming\npm\node_modules\ts-node\src\index.ts:1371:23)
    at Module._extensions..js (node:internal/modules/cjs/loader:1153:10)
2021-12-10 14:36:36 error: uncaughtException: Invalid value for schema path `image.type`, got value "undefined"
TypeError: Invalid value for schema path `image.type`, got value "undefined"
    at Schema.add (C:\Users\USER\Desktop\Tools\mediaplus\server\node_modules\mongoose\lib\schema.js:484:13)
    at Schema.add (C:\Users\USER\Desktop\Tools\mediaplus\server\node_modules\mongoose\lib\schema.js:518:12)
    at new Schema (C:\Users\USER\Desktop\Tools\mediaplus\server\node_modules\mongoose\lib\schema.js:132:10)
    at Object.<anonymous> (C:\Users\USER\Desktop\Tools\mediaplus\server\src\models\posts.model.ts:5:28)
    at Module._compile (node:internal/modules/cjs/loader:1101:14)
    at Module.m._compile (C:\Users\USER\AppData\Roaming\npm\node_modules\ts-node\src\index.ts:1371:23)
    at Module._extensions..js (node:internal/modules/cjs/loader:1153:10)
    at Object.require.extensions.<computed> [as .ts] (C:\Users\USER\AppData\Roaming\npm\node_modules\ts-node\src\index.ts:1374:12)
    at Module.load (node:internal/modules/cjs/loader:981:32)
    at Function.Module._load (node:internal/modules/cjs/loader:822:12)
    at Module.require (node:internal/modules/cjs/loader:1005:19)
    at require (node:internal/modules/cjs/helpers:102:18)
    at Object.<anonymous> (C:\Users\USER\Desktop\Tools\mediaplus\server\src\services\posts.service.ts:4:1)
    at Module._compile (node:internal/modules/cjs/loader:1101:14)
    at Module.m._compile (C:\Users\USER\AppData\Roaming\npm\node_modules\ts-node\src\index.ts:1371:23)
    at Module._extensions..js (node:internal/modules/cjs/loader:1153:10)
2021-12-10 14:36:45 error: uncaughtException: Invalid value for schema path `image.type`, got value "undefined"
TypeError: Invalid value for schema path `image.type`, got value "undefined"
    at Schema.add (C:\Users\USER\Desktop\Tools\mediaplus\server\node_modules\mongoose\lib\schema.js:484:13)
    at Schema.add (C:\Users\USER\Desktop\Tools\mediaplus\server\node_modules\mongoose\lib\schema.js:518:12)
    at new Schema (C:\Users\USER\Desktop\Tools\mediaplus\server\node_modules\mongoose\lib\schema.js:132:10)
    at Object.<anonymous> (C:\Users\USER\Desktop\Tools\mediaplus\server\src\models\posts.model.ts:5:28)
    at Module._compile (node:internal/modules/cjs/loader:1101:14)
    at Module.m._compile (C:\Users\USER\AppData\Roaming\npm\node_modules\ts-node\src\index.ts:1371:23)
    at Module._extensions..js (node:internal/modules/cjs/loader:1153:10)
    at Object.require.extensions.<computed> [as .ts] (C:\Users\USER\AppData\Roaming\npm\node_modules\ts-node\src\index.ts:1374:12)
    at Module.load (node:internal/modules/cjs/loader:981:32)
    at Function.Module._load (node:internal/modules/cjs/loader:822:12)
    at Module.require (node:internal/modules/cjs/loader:1005:19)
    at require (node:internal/modules/cjs/helpers:102:18)
    at Object.<anonymous> (C:\Users\USER\Desktop\Tools\mediaplus\server\src\services\posts.service.ts:4:1)
    at Module._compile (node:internal/modules/cjs/loader:1101:14)
    at Module.m._compile (C:\Users\USER\AppData\Roaming\npm\node_modules\ts-node\src\index.ts:1371:23)
    at Module._extensions..js (node:internal/modules/cjs/loader:1153:10)
2021-12-10 14:37:47 error: uncaughtException: Invalid value for schema path `image.type`, got value "undefined"
TypeError: Invalid value for schema path `image.type`, got value "undefined"
    at Schema.add (C:\Users\USER\Desktop\Tools\mediaplus\server\node_modules\mongoose\lib\schema.js:484:13)
    at Schema.add (C:\Users\USER\Desktop\Tools\mediaplus\server\node_modules\mongoose\lib\schema.js:518:12)
    at new Schema (C:\Users\USER\Desktop\Tools\mediaplus\server\node_modules\mongoose\lib\schema.js:132:10)
    at Object.<anonymous> (C:\Users\USER\Desktop\Tools\mediaplus\server\src\models\posts.model.ts:5:28)
    at Module._compile (node:internal/modules/cjs/loader:1101:14)
    at Module.m._compile (C:\Users\USER\AppData\Roaming\npm\node_modules\ts-node\src\index.ts:1371:23)
    at Module._extensions..js (node:internal/modules/cjs/loader:1153:10)
    at Object.require.extensions.<computed> [as .ts] (C:\Users\USER\AppData\Roaming\npm\node_modules\ts-node\src\index.ts:1374:12)
    at Module.load (node:internal/modules/cjs/loader:981:32)
    at Function.Module._load (node:internal/modules/cjs/loader:822:12)
    at Module.require (node:internal/modules/cjs/loader:1005:19)
    at require (node:internal/modules/cjs/helpers:102:18)
    at Object.<anonymous> (C:\Users\USER\Desktop\Tools\mediaplus\server\src\services\posts.service.ts:4:1)
    at Module._compile (node:internal/modules/cjs/loader:1101:14)
    at Module.m._compile (C:\Users\USER\AppData\Roaming\npm\node_modules\ts-node\src\index.ts:1371:23)
    at Module._extensions..js (node:internal/modules/cjs/loader:1153:10)
2021-12-10 14:38:10 error: uncaughtException: Invalid value for schema path `image.type`, got value "undefined"
TypeError: Invalid value for schema path `image.type`, got value "undefined"
    at Schema.add (C:\Users\USER\Desktop\Tools\mediaplus\server\node_modules\mongoose\lib\schema.js:484:13)
    at Schema.add (C:\Users\USER\Desktop\Tools\mediaplus\server\node_modules\mongoose\lib\schema.js:518:12)
    at new Schema (C:\Users\USER\Desktop\Tools\mediaplus\server\node_modules\mongoose\lib\schema.js:132:10)
    at Object.<anonymous> (C:\Users\USER\Desktop\Tools\mediaplus\server\src\models\posts.model.ts:5:28)
    at Module._compile (node:internal/modules/cjs/loader:1101:14)
    at Module.m._compile (C:\Users\USER\AppData\Roaming\npm\node_modules\ts-node\src\index.ts:1371:23)
    at Module._extensions..js (node:internal/modules/cjs/loader:1153:10)
    at Object.require.extensions.<computed> [as .ts] (C:\Users\USER\AppData\Roaming\npm\node_modules\ts-node\src\index.ts:1374:12)
    at Module.load (node:internal/modules/cjs/loader:981:32)
    at Function.Module._load (node:internal/modules/cjs/loader:822:12)
    at Module.require (node:internal/modules/cjs/loader:1005:19)
    at require (node:internal/modules/cjs/helpers:102:18)
    at Object.<anonymous> (C:\Users\USER\Desktop\Tools\mediaplus\server\src\services\posts.service.ts:4:1)
    at Module._compile (node:internal/modules/cjs/loader:1101:14)
    at Module.m._compile (C:\Users\USER\AppData\Roaming\npm\node_modules\ts-node\src\index.ts:1371:23)
    at Module._extensions..js (node:internal/modules/cjs/loader:1153:10)
2021-12-10 14:38:30 error: uncaughtException: Invalid value for schema path `image.type`, got value "undefined"
TypeError: Invalid value for schema path `image.type`, got value "undefined"
    at Schema.add (C:\Users\USER\Desktop\Tools\mediaplus\server\node_modules\mongoose\lib\schema.js:484:13)
    at Schema.add (C:\Users\USER\Desktop\Tools\mediaplus\server\node_modules\mongoose\lib\schema.js:518:12)
    at new Schema (C:\Users\USER\Desktop\Tools\mediaplus\server\node_modules\mongoose\lib\schema.js:132:10)
    at Object.<anonymous> (C:\Users\USER\Desktop\Tools\mediaplus\server\src\models\posts.model.ts:5:28)
    at Module._compile (node:internal/modules/cjs/loader:1101:14)
    at Module.m._compile (C:\Users\USER\AppData\Roaming\npm\node_modules\ts-node\src\index.ts:1371:23)
    at Module._extensions..js (node:internal/modules/cjs/loader:1153:10)
    at Object.require.extensions.<computed> [as .ts] (C:\Users\USER\AppData\Roaming\npm\node_modules\ts-node\src\index.ts:1374:12)
    at Module.load (node:internal/modules/cjs/loader:981:32)
    at Function.Module._load (node:internal/modules/cjs/loader:822:12)
    at Module.require (node:internal/modules/cjs/loader:1005:19)
    at require (node:internal/modules/cjs/helpers:102:18)
    at Object.<anonymous> (C:\Users\USER\Desktop\Tools\mediaplus\server\src\services\posts.service.ts:4:1)
    at Module._compile (node:internal/modules/cjs/loader:1101:14)
    at Module.m._compile (C:\Users\USER\AppData\Roaming\npm\node_modules\ts-node\src\index.ts:1371:23)
    at Module._extensions..js (node:internal/modules/cjs/loader:1153:10)
2021-12-10 14:41:43 error: uncaughtException: Invalid value for schema path `image.type`, got value "undefined"
TypeError: Invalid value for schema path `image.type`, got value "undefined"
    at Schema.add (C:\Users\USER\Desktop\Tools\mediaplus\server\node_modules\mongoose\lib\schema.js:484:13)
    at Schema.add (C:\Users\USER\Desktop\Tools\mediaplus\server\node_modules\mongoose\lib\schema.js:518:12)
    at new Schema (C:\Users\USER\Desktop\Tools\mediaplus\server\node_modules\mongoose\lib\schema.js:132:10)
    at Object.<anonymous> (C:\Users\USER\Desktop\Tools\mediaplus\server\src\models\posts.model.ts:5:28)
    at Module._compile (node:internal/modules/cjs/loader:1101:14)
    at Module.m._compile (C:\Users\USER\AppData\Roaming\npm\node_modules\ts-node\src\index.ts:1371:23)
    at Module._extensions..js (node:internal/modules/cjs/loader:1153:10)
    at Object.require.extensions.<computed> [as .ts] (C:\Users\USER\AppData\Roaming\npm\node_modules\ts-node\src\index.ts:1374:12)
    at Module.load (node:internal/modules/cjs/loader:981:32)
    at Function.Module._load (node:internal/modules/cjs/loader:822:12)
    at Module.require (node:internal/modules/cjs/loader:1005:19)
    at require (node:internal/modules/cjs/helpers:102:18)
    at Object.<anonymous> (C:\Users\USER\Desktop\Tools\mediaplus\server\src\services\posts.service.ts:4:1)
    at Module._compile (node:internal/modules/cjs/loader:1101:14)
    at Module.m._compile (C:\Users\USER\AppData\Roaming\npm\node_modules\ts-node\src\index.ts:1371:23)
    at Module._extensions..js (node:internal/modules/cjs/loader:1153:10)
2021-12-10 14:41:56 error: uncaughtException: Invalid value for schema path `image.type`, got value "undefined"
TypeError: Invalid value for schema path `image.type`, got value "undefined"
    at Schema.add (C:\Users\USER\Desktop\Tools\mediaplus\server\node_modules\mongoose\lib\schema.js:484:13)
    at Schema.add (C:\Users\USER\Desktop\Tools\mediaplus\server\node_modules\mongoose\lib\schema.js:518:12)
    at new Schema (C:\Users\USER\Desktop\Tools\mediaplus\server\node_modules\mongoose\lib\schema.js:132:10)
    at Object.<anonymous> (C:\Users\USER\Desktop\Tools\mediaplus\server\src\models\posts.model.ts:5:28)
    at Module._compile (node:internal/modules/cjs/loader:1101:14)
    at Module.m._compile (C:\Users\USER\AppData\Roaming\npm\node_modules\ts-node\src\index.ts:1371:23)
    at Module._extensions..js (node:internal/modules/cjs/loader:1153:10)
    at Object.require.extensions.<computed> [as .ts] (C:\Users\USER\AppData\Roaming\npm\node_modules\ts-node\src\index.ts:1374:12)
    at Module.load (node:internal/modules/cjs/loader:981:32)
    at Function.Module._load (node:internal/modules/cjs/loader:822:12)
    at Module.require (node:internal/modules/cjs/loader:1005:19)
    at require (node:internal/modules/cjs/helpers:102:18)
    at Object.<anonymous> (C:\Users\USER\Desktop\Tools\mediaplus\server\src\services\posts.service.ts:4:1)
    at Module._compile (node:internal/modules/cjs/loader:1101:14)
    at Module.m._compile (C:\Users\USER\AppData\Roaming\npm\node_modules\ts-node\src\index.ts:1371:23)
    at Module._extensions..js (node:internal/modules/cjs/loader:1153:10)
2021-12-10 16:29:33 error: uncaughtException: Invalid value for schema path `image.type`, got value "undefined"
TypeError: Invalid value for schema path `image.type`, got value "undefined"
    at Schema.add (C:\Users\USER\Desktop\Tools\mediaplus\server\node_modules\mongoose\lib\schema.js:484:13)
    at Schema.add (C:\Users\USER\Desktop\Tools\mediaplus\server\node_modules\mongoose\lib\schema.js:518:12)
    at new Schema (C:\Users\USER\Desktop\Tools\mediaplus\server\node_modules\mongoose\lib\schema.js:132:10)
    at Object.<anonymous> (C:\Users\USER\Desktop\Tools\mediaplus\server\src\models\posts.model.ts:5:28)
    at Module._compile (node:internal/modules/cjs/loader:1101:14)
    at Module.m._compile (C:\Users\USER\AppData\Roaming\npm\node_modules\ts-node\src\index.ts:1371:23)
    at Module._extensions..js (node:internal/modules/cjs/loader:1153:10)
    at Object.require.extensions.<computed> [as .ts] (C:\Users\USER\AppData\Roaming\npm\node_modules\ts-node\src\index.ts:1374:12)
    at Module.load (node:internal/modules/cjs/loader:981:32)
    at Function.Module._load (node:internal/modules/cjs/loader:822:12)
    at Module.require (node:internal/modules/cjs/loader:1005:19)
    at require (node:internal/modules/cjs/helpers:102:18)
    at Object.<anonymous> (C:\Users\USER\Desktop\Tools\mediaplus\server\src\services\posts.service.ts:4:1)
    at Module._compile (node:internal/modules/cjs/loader:1101:14)
    at Module.m._compile (C:\Users\USER\AppData\Roaming\npm\node_modules\ts-node\src\index.ts:1371:23)
    at Module._extensions..js (node:internal/modules/cjs/loader:1153:10)
2021-12-10 16:33:43 error: uncaughtException: Invalid value for schema path `image.type`, got value "undefined"
TypeError: Invalid value for schema path `image.type`, got value "undefined"
    at Schema.add (C:\Users\USER\Desktop\Tools\mediaplus\server\node_modules\mongoose\lib\schema.js:484:13)
    at Schema.add (C:\Users\USER\Desktop\Tools\mediaplus\server\node_modules\mongoose\lib\schema.js:518:12)
    at new Schema (C:\Users\USER\Desktop\Tools\mediaplus\server\node_modules\mongoose\lib\schema.js:132:10)
    at Object.<anonymous> (C:\Users\USER\Desktop\Tools\mediaplus\server\src\models\posts.model.ts:5:28)
    at Module._compile (node:internal/modules/cjs/loader:1101:14)
    at Module.m._compile (C:\Users\USER\AppData\Roaming\npm\node_modules\ts-node\src\index.ts:1371:23)
    at Module._extensions..js (node:internal/modules/cjs/loader:1153:10)
    at Object.require.extensions.<computed> [as .ts] (C:\Users\USER\AppData\Roaming\npm\node_modules\ts-node\src\index.ts:1374:12)
    at Module.load (node:internal/modules/cjs/loader:981:32)
    at Function.Module._load (node:internal/modules/cjs/loader:822:12)
    at Module.require (node:internal/modules/cjs/loader:1005:19)
    at require (node:internal/modules/cjs/helpers:102:18)
    at Object.<anonymous> (C:\Users\USER\Desktop\Tools\mediaplus\server\src\services\posts.service.ts:4:1)
    at Module._compile (node:internal/modules/cjs/loader:1101:14)
    at Module.m._compile (C:\Users\USER\AppData\Roaming\npm\node_modules\ts-node\src\index.ts:1371:23)
    at Module._extensions..js (node:internal/modules/cjs/loader:1153:10)
2021-12-10 16:35:26 error: uncaughtException: Invalid value for schema path `image.type`, got value "undefined"
TypeError: Invalid value for schema path `image.type`, got value "undefined"
    at Schema.add (C:\Users\USER\Desktop\Tools\mediaplus\server\node_modules\mongoose\lib\schema.js:484:13)
    at Schema.add (C:\Users\USER\Desktop\Tools\mediaplus\server\node_modules\mongoose\lib\schema.js:518:12)
    at new Schema (C:\Users\USER\Desktop\Tools\mediaplus\server\node_modules\mongoose\lib\schema.js:132:10)
    at Object.<anonymous> (C:\Users\USER\Desktop\Tools\mediaplus\server\src\models\posts.model.ts:5:28)
    at Module._compile (node:internal/modules/cjs/loader:1101:14)
    at Module.m._compile (C:\Users\USER\AppData\Roaming\npm\node_modules\ts-node\src\index.ts:1371:23)
    at Module._extensions..js (node:internal/modules/cjs/loader:1153:10)
    at Object.require.extensions.<computed> [as .ts] (C:\Users\USER\AppData\Roaming\npm\node_modules\ts-node\src\index.ts:1374:12)
    at Module.load (node:internal/modules/cjs/loader:981:32)
    at Function.Module._load (node:internal/modules/cjs/loader:822:12)
    at Module.require (node:internal/modules/cjs/loader:1005:19)
    at require (node:internal/modules/cjs/helpers:102:18)
    at Object.<anonymous> (C:\Users\USER\Desktop\Tools\mediaplus\server\src\services\posts.service.ts:4:1)
    at Module._compile (node:internal/modules/cjs/loader:1101:14)
    at Module.m._compile (C:\Users\USER\AppData\Roaming\npm\node_modules\ts-node\src\index.ts:1371:23)
    at Module._extensions..js (node:internal/modules/cjs/loader:1153:10)
2021-12-10 16:36:19 error: uncaughtException: Invalid value for schema path `image.type`, got value "undefined"
TypeError: Invalid value for schema path `image.type`, got value "undefined"
    at Schema.add (C:\Users\USER\Desktop\Tools\mediaplus\server\node_modules\mongoose\lib\schema.js:484:13)
    at Schema.add (C:\Users\USER\Desktop\Tools\mediaplus\server\node_modules\mongoose\lib\schema.js:518:12)
    at new Schema (C:\Users\USER\Desktop\Tools\mediaplus\server\node_modules\mongoose\lib\schema.js:132:10)
    at Object.<anonymous> (C:\Users\USER\Desktop\Tools\mediaplus\server\src\models\posts.model.ts:5:28)
    at Module._compile (node:internal/modules/cjs/loader:1101:14)
    at Module.m._compile (C:\Users\USER\AppData\Roaming\npm\node_modules\ts-node\src\index.ts:1371:23)
    at Module._extensions..js (node:internal/modules/cjs/loader:1153:10)
    at Object.require.extensions.<computed> [as .ts] (C:\Users\USER\AppData\Roaming\npm\node_modules\ts-node\src\index.ts:1374:12)
    at Module.load (node:internal/modules/cjs/loader:981:32)
    at Function.Module._load (node:internal/modules/cjs/loader:822:12)
    at Module.require (node:internal/modules/cjs/loader:1005:19)
    at require (node:internal/modules/cjs/helpers:102:18)
    at Object.<anonymous> (C:\Users\USER\Desktop\Tools\mediaplus\server\src\services\posts.service.ts:4:1)
    at Module._compile (node:internal/modules/cjs/loader:1101:14)
    at Module.m._compile (C:\Users\USER\AppData\Roaming\npm\node_modules\ts-node\src\index.ts:1371:23)
    at Module._extensions..js (node:internal/modules/cjs/loader:1153:10)
